Using pre-set license
Built from '6000.0/respin/6000.0.60f1-f02d6f9f9009' branch; Version is '6000.0.60f1 (61dfb374e36f) revision 6414259'; Using compiler version '193933523'; Build Type 'Release'
OS: 'Windows 10  (10.0.19045) 64bit Professional' Language: 'ko' Physical Memory: 32704 MB
BatchMode: 1, IsHumanControllingUs: 0, StartBugReporterOnCrash: 0, Is64bit: 1
Date: 2025-12-18T08:51:01Z

COMMAND LINE ARGUMENTS:
C:\Program Files\Unity\Hub\Editor\6000.0.60f1\Editor\Unity.exe
-adb2
-batchMode
-noUpm
-name
AssetImportWorker1
-projectPath
C:/Users/PC/Desktop/sichu/Oil-Rigger
-logFile
Logs/AssetImportWorker1.log
-srvPort
55464
-job-worker-count
5
-background-job-worker-count
8
-gc-helper-count
1
-name
AssetImport
Successfully changed project path to: C:/Users/PC/Desktop/sichu/Oil-Rigger
C:/Users/PC/Desktop/sichu/Oil-Rigger
[UnityMemory] Configuration Parameters - Can be set up in boot.config
    "memorysetup-bucket-allocator-granularity=16"
    "memorysetup-bucket-allocator-bucket-count=8"
    "memorysetup-bucket-allocator-block-size=33554432"
    "memorysetup-bucket-allocator-block-count=8"
    "memorysetup-main-allocator-block-size=16777216"
    "memorysetup-thread-allocator-block-size=16777216"
    "memorysetup-gfx-main-allocator-block-size=16777216"
    "memorysetup-gfx-thread-allocator-block-size=16777216"
    "memorysetup-cache-allocator-block-size=4194304"
    "memorysetup-typetree-allocator-block-size=2097152"
    "memorysetup-profiler-bucket-allocator-granularity=16"
    "memorysetup-profiler-bucket-allocator-bucket-count=8"
    "memorysetup-profiler-bucket-allocator-block-size=33554432"
    "memorysetup-profiler-bucket-allocator-block-count=8"
    "memorysetup-profiler-allocator-block-size=16777216"
    "memorysetup-profiler-editor-allocator-block-size=1048576"
    "memorysetup-temp-allocator-size-main=16777216"
    "memorysetup-job-temp-allocator-block-size=2097152"
    "memorysetup-job-temp-allocator-block-size-background=1048576"
    "memorysetup-job-temp-allocator-reduction-small-platforms=262144"
    "memorysetup-allocator-temp-initial-block-size-main=262144"
    "memorysetup-allocator-temp-initial-block-size-worker=262144"
    "memorysetup-temp-allocator-size-background-worker=32768"
    "memorysetup-temp-allocator-size-job-worker=262144"
    "memorysetup-temp-allocator-size-preload-manager=33554432"
    "memorysetup-temp-allocator-size-nav-mesh-worker=65536"
    "memorysetup-temp-allocator-size-audio-worker=65536"
    "memorysetup-temp-allocator-size-cloud-worker=32768"
    "memorysetup-temp-allocator-size-gi-baking-worker=262144"
    "memorysetup-temp-allocator-size-gi-baking-worker=262144"
    "memorysetup-temp-allocator-size-gi-baking-worker=262144"
    "memorysetup-temp-allocator-size-gi-baking-worker=262144"
    "memorysetup-temp-allocator-size-gi-baking-worker=262144"
    "memorysetup-temp-allocator-size-gfx=262144"
Player connection [9804]  Target information:

Player connection [9804]  * "[IP] 192.168.0.15 [Port] 0 [Flags] 2 [Guid] 3406666713 [EditorId] 3406666713 [Version] 1048832 [Id] WindowsEditor(7,DESKTOP-6NVIDMR) [Debug] 1 [PackageName] WindowsEditor [ProjectName] Editor" 

Player connection [9804] Host joined multi-casting on [225.0.0.222:54997]...
Player connection [9804] Host joined alternative multi-casting on [225.0.0.222:34997]...
JobSystem: Creating JobQueue using job-worker-count value 5
Input System module state changed to: Initialized.
[Physics::Module] Initialized fallback backend.
[Physics::Module] Id: 0xdecafbad
Library Redirect Path: Library/
[Physics::Module] Selected backend.
[Physics::Module] Name: PhysX
[Physics::Module] Id: 0xf2b8ea05
[Physics::Module] SDK Version: 4.1.2
[Physics::Module] Integration Version: 1.0.0
[Physics::Module] Threading Mode: Multi-Threaded
Refreshing native plugins compatible for Editor in 13.96 ms, found 13 plugins.
Preloading 1 native plugins for Editor in 0.53 ms.
Initialize engine version: 6000.0.60f1 (61dfb374e36f)
[Subsystems] Discovering subsystems at path C:/Program Files/Unity/Hub/Editor/6000.0.60f1/Editor/Data/Resources/UnitySubsystems
[Subsystems] Discovering subsystems at path C:/Users/PC/Desktop/sichu/Oil-Rigger/Assets
GfxDevice: creating device client; kGfxThreadingModeNonThreaded
Direct3D:
    Version:  Direct3D 11.0 [level 11.1]
    Renderer: NVIDIA GeForce RTX 3060 Ti (ID=0x2489)
    Vendor:   NVIDIA
    VRAM:     8024 MB
    Driver:   32.0.15.8157
Initialize mono
Mono path[0] = 'C:/Program Files/Unity/Hub/Editor/6000.0.60f1/Editor/Data/Managed'
Mono path[1] = 'C:/Program Files/Unity/Hub/Editor/6000.0.60f1/Editor/Data/MonoBleedingEdge/lib/mono/unityjit-win32'
Mono config path = 'C:/Program Files/Unity/Hub/Editor/6000.0.60f1/Editor/Data/MonoBleedingEdge/etc'
Using monoOptions --debugger-agent=transport=dt_socket,embedding=1,server=y,suspend=n,address=127.0.0.1:56524
Begin MonoManager ReloadAssembly
Registering precompiled unity dll's ...
Register platform support module: C:/Program Files/Unity/Hub/Editor/6000.0.60f1/Editor/Data/PlaybackEngines/WindowsStandaloneSupport/UnityEditor.WindowsStandalone.Extensions.dll
Registered in 0.003055 seconds.
- Loaded All Assemblies, in  0.446 seconds
Native extension for WindowsStandalone target not found
Mono: successfully reloaded assembly
- Finished resetting the current domain, in  0.402 seconds
Domain Reload Profiling: 846ms
	BeginReloadAssembly (142ms)
		ExecutionOrderSort (0ms)
		DisableScriptedObjects (0ms)
		BackupInstance (0ms)
		ReleaseScriptingObjects (0ms)
		CreateAndSetChildDomain (1ms)
	RebuildCommonClasses (43ms)
	RebuildNativeTypeToScriptingClass (14ms)
	initialDomainReloadingComplete (53ms)
	LoadAllAssembliesAndSetupDomain (191ms)
		LoadAssemblies (139ms)
		RebuildTransferFunctionScriptingTraits (0ms)
		AnalyzeDomain (188ms)
			TypeCache.Refresh (186ms)
				TypeCache.ScanAssembly (169ms)
			BuildScriptInfoCaches (0ms)
			ResolveRequiredComponents (1ms)
	FinalizeReload (402ms)
		ReleaseScriptCaches (0ms)
		RebuildScriptCaches (0ms)
		SetupLoadedEditorAssemblies (338ms)
			LogAssemblyErrors (0ms)
			InitializePlatformSupportModulesInManaged (35ms)
			SetLoadedEditorAssemblies (5ms)
			BeforeProcessingInitializeOnLoad (78ms)
			ProcessInitializeOnLoadAttributes (162ms)
			ProcessInitializeOnLoadMethodAttributes (58ms)
			AfterProcessingInitializeOnLoad (0ms)
			EditorAssembliesLoaded (0ms)
		ExecutionOrderSort2 (0ms)
		AwakeInstancesAfterBackupRestoration (0ms)
========================================================================
Worker process is ready to serve import requests
Import Worker Mode flag is 0x00
Begin MonoManager ReloadAssembly
Symbol file LoadedFromMemory is not a mono symbol file
- Loaded All Assemblies, in  0.947 seconds
Refreshing native plugins compatible for Editor in 10.29 ms, found 13 plugins.
Native extension for WindowsStandalone target not found
Package Manager log level set to [2]
[Package Manager] Failed to launch server process. Reason: Unity was launched with the -noUpm command-line argument
[Package Manager] Unable to send message (not connected to server process).
[Package Manager] Cannot connect to Unity Package Manager local server
System.Reflection.TargetInvocationException: Exception has been thrown by the target of an invocation. ---> System.NullReferenceException: Object reference not set to an instance of an object
  at Unity.XR.Oculus.OculusLoader.AssetPathToAbsolutePath (System.String assetPath) [0x0003d] in .\Library\PackageCache\com.unity.xr.oculus@44578ba4bd45\Runtime\OculusLoader.cs:312 
  at Unity.XR.Oculus.OculusLoader.EditorLoadOVRPlugin () [0x0008c] in .\Library\PackageCache\com.unity.xr.oculus@44578ba4bd45\Runtime\OculusLoader.cs:297 
  at (wrapper managed-to-native) System.Reflection.RuntimeMethodInfo.InternalInvoke(System.Reflection.RuntimeMethodInfo,object,object[],System.Exception&)
  at System.Reflection.RuntimeMethodInfo.Invoke (System.Object obj, System.Reflection.BindingFlags invokeAttr, System.Reflection.Binder binder, System.Object[] parameters, System.Globalization.CultureInfo culture) [0x0006a] in <73ac12a12f9a4ebca156b41ddce95fbe>:0 
   --- End of inner exception stack trace ---
  at System.Reflection.RuntimeMethodInfo.Invoke (System.Object obj, System.Reflection.BindingFlags invokeAttr, System.Reflection.Binder binder, System.Object[] parameters, System.Globalization.CultureInfo culture) [0x00083] in <73ac12a12f9a4ebca156b41ddce95fbe>:0 
  at System.Reflection.MethodBase.Invoke (System.Object obj, System.Object[] parameters) [0x00000] in <73ac12a12f9a4ebca156b41ddce95fbe>:0 
  at UnityEditor.EditorAssemblies.ProcessInitializeOnLoadMethodAttributes () [0x00056] in <3852b49eca73473da3e3282226b08bd7>:0 
UnityEngine.Debug:ExtractStackTraceNoAlloc (byte*,int,string)
UnityEngine.StackTraceUtility:ExtractStackTrace ()
UnityEngine.DebugLogHandler:Internal_Log (UnityEngine.LogType,UnityEngine.LogOption,string,UnityEngine.Object)
UnityEngine.DebugLogHandler:LogFormat (UnityEngine.LogType,UnityEngine.Object,string,object[])
UnityEngine.Logger:Log (UnityEngine.LogType,object)
UnityEngine.Debug:LogError (object)
UnityEditor.EditorAssemblies:ProcessInitializeOnLoadMethodAttributes ()

Mono: successfully reloaded assembly
[Package Manager] Failed to launch server process. Reason: Unity was launched with the -noUpm command-line argument
[Package Manager] Unable to send message (not connected to server process).
[Package Manager] Cannot connect to Unity Package Manager local server
[Package Manager] Failed to launch server process. Reason: Unity was launched with the -noUpm command-line argument
[Package Manager] Unable to send message (not connected to server process).
[Package Manager] Cannot connect to Unity Package Manager local server
- Finished resetting the current domain, in  0.981 seconds
Domain Reload Profiling: 1922ms
	BeginReloadAssembly (200ms)
		ExecutionOrderSort (0ms)
		DisableScriptedObjects (7ms)
		BackupInstance (0ms)
		ReleaseScriptingObjects (0ms)
		CreateAndSetChildDomain (33ms)
	RebuildCommonClasses (44ms)
	RebuildNativeTypeToScriptingClass (18ms)
	initialDomainReloadingComplete (42ms)
	LoadAllAssembliesAndSetupDomain (636ms)
		LoadAssemblies (394ms)
		RebuildTransferFunctionScriptingTraits (0ms)
		AnalyzeDomain (353ms)
			TypeCache.Refresh (253ms)
				TypeCache.ScanAssembly (231ms)
			BuildScriptInfoCaches (74ms)
			ResolveRequiredComponents (21ms)
	FinalizeReload (981ms)
		ReleaseScriptCaches (0ms)
		RebuildScriptCaches (0ms)
		SetupLoadedEditorAssemblies (763ms)
			LogAssemblyErrors (0ms)
			InitializePlatformSupportModulesInManaged (2ms)
			SetLoadedEditorAssemblies (6ms)
			BeforeProcessingInitializeOnLoad (145ms)
			ProcessInitializeOnLoadAttributes (458ms)
			ProcessInitializeOnLoadMethodAttributes (145ms)
			AfterProcessingInitializeOnLoad (5ms)
			EditorAssembliesLoaded (0ms)
		ExecutionOrderSort2 (0ms)
		AwakeInstancesAfterBackupRestoration (6ms)
WARNING: Shader Unsupported: 'Hidden/Simulation/URP/Synthetic' - All subshaders removed
WARNING: Shader Did you use #pragma only_renderers and omit this platform?
WARNING: Shader If subshaders removal was intentional, you may have forgotten turning Fallback off?
WARNING: Shader Unsupported: 'Hidden/Simulation/URP/Synthetic' - All subshaders removed
WARNING: Shader Did you use #pragma only_renderers and omit this platform?
WARNING: Shader If subshaders removal was intentional, you may have forgotten turning Fallback off?
WARNING: Shader Unsupported: 'Hidden/Simulation/Synthetic Lit' - All subshaders removed
WARNING: Shader Did you use #pragma only_renderers and omit this platform?
WARNING: Shader If subshaders removal was intentional, you may have forgotten turning Fallback off?
WARNING: Shader Unsupported: 'Hidden/Simulation/Synthetic Lit' - All subshaders removed
WARNING: Shader Did you use #pragma only_renderers and omit this platform?
WARNING: Shader If subshaders removal was intentional, you may have forgotten turning Fallback off?
WARNING: Shader Unsupported: 'Simulation/Standard Lit' - All subshaders removed
WARNING: Shader Did you use #pragma only_renderers and omit this platform?
WARNING: Shader If subshaders removal was intentional, you may have forgotten turning Fallback off?
WARNING: Shader Unsupported: 'Simulation/Standard Lit' - All subshaders removed
WARNING: Shader Did you use #pragma only_renderers and omit this platform?
WARNING: Shader If subshaders removal was intentional, you may have forgotten turning Fallback off?
WARNING: Shader Unsupported: 'Simulation/URP/Room X-Ray' - All subshaders removed
WARNING: Shader Did you use #pragma only_renderers and omit this platform?
WARNING: Shader If subshaders removal was intentional, you may have forgotten turning Fallback off?
WARNING: Shader Unsupported: 'Simulation/URP/Room X-Ray' - All subshaders removed
WARNING: Shader Did you use #pragma only_renderers and omit this platform?
WARNING: Shader If subshaders removal was intentional, you may have forgotten turning Fallback off?
WARNING: Shader Unsupported: 'Simulation/Room X-Ray' - All subshaders removed
WARNING: Shader Did you use #pragma only_renderers and omit this platform?
WARNING: Shader If subshaders removal was intentional, you may have forgotten turning Fallback off?
WARNING: Shader Unsupported: 'Simulation/Room X-Ray' - All subshaders removed
WARNING: Shader Did you use #pragma only_renderers and omit this platform?
WARNING: Shader If subshaders removal was intentional, you may have forgotten turning Fallback off?
WARNING: Shader Unsupported: 'Simulation/URP/Lit' - All subshaders removed
WARNING: Shader Did you use #pragma only_renderers and omit this platform?
WARNING: Shader If subshaders removal was intentional, you may have forgotten turning Fallback off?
WARNING: Shader Unsupported: 'Simulation/URP/Lit' - All subshaders removed
WARNING: Shader Did you use #pragma only_renderers and omit this platform?
WARNING: Shader If subshaders removal was intentional, you may have forgotten turning Fallback off?
Launched and connected shader compiler UnityShaderCompiler.exe after 0.01 seconds
Refreshing native plugins compatible for Editor in 11.10 ms, found 13 plugins.
Preloading 1 native plugins for Editor in 0.06 ms.
Unloading 19 Unused Serialized files (Serialized files now loaded: 0)
Unloading 6645 unused Assets / (7.1 MB). Loaded Objects now: 7389.
Memory consumption went from 147.8 MB to 140.7 MB.
Total: 10.761300 ms (FindLiveObjects: 0.789900 ms CreateObjectMapping: 1.154900 ms MarkObjects: 4.755600 ms  DeleteObjects: 4.060000 ms)

========================================================================
Received Import Request.
  Time since last request: 790110.261448 seconds.
  path: Assets/sichu_in/sichu_in_tex2_board_MetallicSmoothness.png
  artifactKey: Guid(4b031ea9a165a65439435e756355e3ec) Importer(815301076,1909f56bfc062723c751e8b465ee728b)
Start importing Assets/sichu_in/sichu_in_tex2_board_MetallicSmoothness.png using Guid(4b031ea9a165a65439435e756355e3ec) Importer(815301076,1909f56bfc062723c751e8b465ee728b) (PreviewImporter) -> (artifact id: '690e0a6d1bd71e2f1c832ae70088a3fd') in 0.0887071 seconds
Number of updated asset objects reloaded before import = 0Number of asset objects unloaded after import = 2

========================================================================
Received Import Request.
  Time since last request: 0.000018 seconds.
  path: Assets/sichu_in/sichu_in_tex2_drilllcylinder_Normal.png
  artifactKey: Guid(b3087d002e7934b4492c206771851bab) Importer(815301076,1909f56bfc062723c751e8b465ee728b)
Start importing Assets/sichu_in/sichu_in_tex2_drilllcylinder_Normal.png using Guid(b3087d002e7934b4492c206771851bab) Importer(815301076,1909f56bfc062723c751e8b465ee728b) (PreviewImporter) -> (artifact id: '2ec96bc54aaea1309a4c2f3e21084962') in 0.016897 seconds
Number of updated asset objects reloaded before import = 0Number of asset objects unloaded after import = 2

========================================================================
Received Import Request.
  Time since last request: 0.000024 seconds.
  path: Assets/sichu_in/sichu_in_tex2_drill_1_MetallicSmoothness.png
  artifactKey: Guid(77b391500fc9c634a81d38f44e52261d) Importer(815301076,1909f56bfc062723c751e8b465ee728b)
Start importing Assets/sichu_in/sichu_in_tex2_drill_1_MetallicSmoothness.png using Guid(77b391500fc9c634a81d38f44e52261d) Importer(815301076,1909f56bfc062723c751e8b465ee728b) (PreviewImporter) -> (artifact id: 'cf413732b6b54e1f90551663a1ba25fd') in 0.0150924 seconds
Number of updated asset objects reloaded before import = 0Number of asset objects unloaded after import = 2

========================================================================
Received Import Request.
  Time since last request: 0.000023 seconds.
  path: Assets/sichu_in/sichu_in_tex2_drill_1_Normal.png
  artifactKey: Guid(bae713b6a900b6b42b991b72d2741c54) Importer(815301076,1909f56bfc062723c751e8b465ee728b)
Start importing Assets/sichu_in/sichu_in_tex2_drill_1_Normal.png using Guid(bae713b6a900b6b42b991b72d2741c54) Importer(815301076,1909f56bfc062723c751e8b465ee728b) (PreviewImporter) -> (artifact id: 'c5a3ea6bd91026f158c3cc55648b0511') in 0.0149566 seconds
Number of updated asset objects reloaded before import = 0Number of asset objects unloaded after import = 2

========================================================================
Received Import Request.
  Time since last request: 0.000015 seconds.
  path: Assets/sichu_in/sichu_in_tex2_drilllmain_Normal.png
  artifactKey: Guid(6892eab5c30987548a18433599338c1d) Importer(815301076,1909f56bfc062723c751e8b465ee728b)
Start importing Assets/sichu_in/sichu_in_tex2_drilllmain_Normal.png using Guid(6892eab5c30987548a18433599338c1d) Importer(815301076,1909f56bfc062723c751e8b465ee728b) (PreviewImporter) -> (artifact id: 'a00fba4ff96115e833a15ddab1bc83a2') in 0.014859 seconds
Number of updated asset objects reloaded before import = 0Number of asset objects unloaded after import = 2

========================================================================
Received Import Request.
  Time since last request: 0.000020 seconds.
  path: Assets/sichu_in/sichu_in_tex2_in_deco_Normal.png
  artifactKey: Guid(92ebebd698e409f4d99b84f5ee966cb0) Importer(815301076,1909f56bfc062723c751e8b465ee728b)
Start importing Assets/sichu_in/sichu_in_tex2_in_deco_Normal.png using Guid(92ebebd698e409f4d99b84f5ee966cb0) Importer(815301076,1909f56bfc062723c751e8b465ee728b) (PreviewImporter) -> (artifact id: 'fa6db0fb85d263e24dcaa1e009bf82e9') in 0.0185154 seconds
Number of updated asset objects reloaded before import = 0Number of asset objects unloaded after import = 2

========================================================================
Received Import Request.
  Time since last request: 0.000016 seconds.
  path: Assets/sichu_in/sichu_in_tex2_drilllcylinder_AlbedoTransparency.png
  artifactKey: Guid(9c362b676127f37468a11b98659b077d) Importer(815301076,1909f56bfc062723c751e8b465ee728b)
Start importing Assets/sichu_in/sichu_in_tex2_drilllcylinder_AlbedoTransparency.png using Guid(9c362b676127f37468a11b98659b077d) Importer(815301076,1909f56bfc062723c751e8b465ee728b) (PreviewImporter) -> (artifact id: '8fa960b84ab6ef037425d704f3719ce3') in 0.015499 seconds
Number of updated asset objects reloaded before import = 0Number of asset objects unloaded after import = 2

========================================================================
Received Import Request.
  Time since last request: 0.000019 seconds.
  path: Assets/sichu_in/sichu_in_tex2_lambert1_MetallicSmoothness.png
  artifactKey: Guid(d7f37ca1b70781a40962da598580b639) Importer(815301076,1909f56bfc062723c751e8b465ee728b)
Start importing Assets/sichu_in/sichu_in_tex2_lambert1_MetallicSmoothness.png using Guid(d7f37ca1b70781a40962da598580b639) Importer(815301076,1909f56bfc062723c751e8b465ee728b) (PreviewImporter) -> (artifact id: '977538ef475dfea9b49c166291064470') in 0.0140205 seconds
Number of updated asset objects reloaded before import = 0Number of asset objects unloaded after import = 2

========================================================================
Received Import Request.
  Time since last request: 0.000026 seconds.
  path: Assets/sichu_in/sichu_in_tex2_lambert1_Normal.png
  artifactKey: Guid(81ce67cc22cd1bb48953eaad4056eef1) Importer(815301076,1909f56bfc062723c751e8b465ee728b)
Start importing Assets/sichu_in/sichu_in_tex2_lambert1_Normal.png using Guid(81ce67cc22cd1bb48953eaad4056eef1) Importer(815301076,1909f56bfc062723c751e8b465ee728b) (PreviewImporter) -> (artifact id: 'a71b4e935af93b6c860c064a38da6ab9') in 0.014655 seconds
Number of updated asset objects reloaded before import = 0Number of asset objects unloaded after import = 2

========================================================================
Received Import Request.
  Time since last request: 0.000017 seconds.
  path: Assets/sichu_in/sichu_in_tex2_drilllmain_MetallicSmoothness.png
  artifactKey: Guid(99c3b689f3f513448b460762804800a4) Importer(815301076,1909f56bfc062723c751e8b465ee728b)
Start importing Assets/sichu_in/sichu_in_tex2_drilllmain_MetallicSmoothness.png using Guid(99c3b689f3f513448b460762804800a4) Importer(815301076,1909f56bfc062723c751e8b465ee728b) (PreviewImporter) -> (artifact id: '25101ed748bfa4a34fbce8359a17e04c') in 0.0067519 seconds
Number of updated asset objects reloaded before import = 0Number of asset objects unloaded after import = 2

========================================================================
Received Import Request.
  Time since last request: 0.292773 seconds.
  path: Assets/sichu_in/sichu_in_tex2_main_Normal.png
  artifactKey: Guid(497ddab50d87b8a468fb5af3eca5da42) Importer(2089858483,192608db42251d675da83286b1cce702)
Start importing Assets/sichu_in/sichu_in_tex2_main_Normal.png using Guid(497ddab50d87b8a468fb5af3eca5da42) Importer(2089858483,192608db42251d675da83286b1cce702) (ScriptedImporter) -> (artifact id: '24395cad5a76d617002c4c519c01d43c') in 0.2979401 seconds
Number of updated asset objects reloaded before import = 0Number of asset objects unloaded after import = 1

========================================================================
Received Import Request.
  Time since last request: 0.000018 seconds.
  path: Assets/sichu_in/sichu_in_tex2_drilllmain_MetallicSmoothness.png
  artifactKey: Guid(99c3b689f3f513448b460762804800a4) Importer(2089858483,192608db42251d675da83286b1cce702)
Start importing Assets/sichu_in/sichu_in_tex2_drilllmain_MetallicSmoothness.png using Guid(99c3b689f3f513448b460762804800a4) Importer(2089858483,192608db42251d675da83286b1cce702) (ScriptedImporter) -> (artifact id: '72467a1b07152fce5fe6a5a9952629fb') in 0.0208664 seconds
Number of updated asset objects reloaded before import = 0Number of asset objects unloaded after import = 1

========================================================================
Received Import Request.
  Time since last request: 0.000024 seconds.
  path: Assets/sichu_in/sichu_in_tex2_main_AlbedoTransparency.png
  artifactKey: Guid(1b282b37c3b851744b274a3a04ebd31e) Importer(2089858483,192608db42251d675da83286b1cce702)
Start importing Assets/sichu_in/sichu_in_tex2_main_AlbedoTransparency.png using Guid(1b282b37c3b851744b274a3a04ebd31e) Importer(2089858483,192608db42251d675da83286b1cce702) (ScriptedImporter) -> (artifact id: '4dfc948a1f8f0f3fdd9973ed3081ab60') in 0.0222177 seconds
Number of updated asset objects reloaded before import = 0Number of asset objects unloaded after import = 1

========================================================================
Received Import Request.
  Time since last request: 0.000017 seconds.
  path: Assets/sichu_in/sichu_in_tex2_drilllcylinder_MetallicSmoothness.png
  artifactKey: Guid(355c599a531615846ae156097d0664af) Importer(2089858483,192608db42251d675da83286b1cce702)
Start importing Assets/sichu_in/sichu_in_tex2_drilllcylinder_MetallicSmoothness.png using Guid(355c599a531615846ae156097d0664af) Importer(2089858483,192608db42251d675da83286b1cce702) (ScriptedImporter) -> (artifact id: 'bec5cbe0ccc3b408e0a69b7d4bf10cf1') in 0.0229739 seconds
Number of updated asset objects reloaded before import = 0Number of asset objects unloaded after import = 1

========================================================================
Received Import Request.
  Time since last request: 0.000019 seconds.
  path: Assets/sichu_in/sichu_in_tex2_in_deco_AlbedoTransparency.png
  artifactKey: Guid(940aeb0b5142ba04a8e08083b3cfda0c) Importer(2089858483,192608db42251d675da83286b1cce702)
Start importing Assets/sichu_in/sichu_in_tex2_in_deco_AlbedoTransparency.png using Guid(940aeb0b5142ba04a8e08083b3cfda0c) Importer(2089858483,192608db42251d675da83286b1cce702) (ScriptedImporter) -> (artifact id: '9314c5f311459f30ecbf0f87033a885f') in 0.0226335 seconds
Number of updated asset objects reloaded before import = 0Number of asset objects unloaded after import = 1

========================================================================
Received Import Request.
  Time since last request: 0.000020 seconds.
  path: Assets/sichu_in/sichu_in_tex2_lambert1_AlbedoTransparency.png
  artifactKey: Guid(0e91ba155ae3c414cb0e72075de74965) Importer(2089858483,192608db42251d675da83286b1cce702)
Start importing Assets/sichu_in/sichu_in_tex2_lambert1_AlbedoTransparency.png using Guid(0e91ba155ae3c414cb0e72075de74965) Importer(2089858483,192608db42251d675da83286b1cce702) (ScriptedImporter) -> (artifact id: '4a23cee4816b7317333748627cda494f') in 0.0252667 seconds
Number of updated asset objects reloaded before import = 0Number of asset objects unloaded after import = 1

========================================================================
Received Import Request.
  Time since last request: 0.000020 seconds.
  path: Assets/sichu_in/sichu_in_tex2_drilllmain_Normal.png
  artifactKey: Guid(6892eab5c30987548a18433599338c1d) Importer(2089858483,192608db42251d675da83286b1cce702)
Start importing Assets/sichu_in/sichu_in_tex2_drilllmain_Normal.png using Guid(6892eab5c30987548a18433599338c1d) Importer(2089858483,192608db42251d675da83286b1cce702) (ScriptedImporter) -> (artifact id: 'fa1a41b9bcbd7ec88d382c49d551a69a') in 0.0207351 seconds
Number of updated asset objects reloaded before import = 0Number of asset objects unloaded after import = 1

========================================================================
Received Import Request.
  Time since last request: 0.000025 seconds.
  path: Assets/sichu_in/sichu_in_tex2_drill_1_AlbedoTransparency.png
  artifactKey: Guid(34bfa6791f43e2e42a65b4ac5be433d1) Importer(2089858483,192608db42251d675da83286b1cce702)
Start importing Assets/sichu_in/sichu_in_tex2_drill_1_AlbedoTransparency.png using Guid(34bfa6791f43e2e42a65b4ac5be433d1) Importer(2089858483,192608db42251d675da83286b1cce702) (ScriptedImporter) -> (artifact id: '4dfeac300029a4caae73d6798892b5d5') in 0.0189896 seconds
Number of updated asset objects reloaded before import = 0Number of asset objects unloaded after import = 1

========================================================================
Received Import Request.
  Time since last request: 0.000017 seconds.
  path: Assets/sichu_in/sichu_in_tex2_drilllmain_AlbedoTransparency.png
  artifactKey: Guid(1cbaff2c62a31b74183bbe6e1d0e5495) Importer(2089858483,192608db42251d675da83286b1cce702)
Start importing Assets/sichu_in/sichu_in_tex2_drilllmain_AlbedoTransparency.png using Guid(1cbaff2c62a31b74183bbe6e1d0e5495) Importer(2089858483,192608db42251d675da83286b1cce702) (ScriptedImporter) -> (artifact id: '435e70c88aca2295924d0d7d7970e28b') in 0.0192979 seconds
Number of updated asset objects reloaded before import = 0Number of asset objects unloaded after import = 1

========================================================================
Received Import Request.
  Time since last request: 91.322516 seconds.
  path: Assets/sichu_in/New Material 1.mat
  artifactKey: Guid(b9f6cd1bcb2ae4645a729852750640f2) Importer(2089858483,192608db42251d675da83286b1cce702)
Start importing Assets/sichu_in/New Material 1.mat using Guid(b9f6cd1bcb2ae4645a729852750640f2) Importer(2089858483,192608db42251d675da83286b1cce702) (ScriptedImporter) -> (artifact id: 'c92e986419649fe37768803003c6343e') in 0.0223817 seconds
Number of updated asset objects reloaded before import = 0Number of asset objects unloaded after import = 1

========================================================================
Received Import Request.
  Time since last request: 0.000022 seconds.
  path: Assets/sichu_in/New Material 3.mat
  artifactKey: Guid(c7a25ac1cc1f0c6418681c855c16862a) Importer(2089858483,192608db42251d675da83286b1cce702)
Start importing Assets/sichu_in/New Material 3.mat using Guid(c7a25ac1cc1f0c6418681c855c16862a) Importer(2089858483,192608db42251d675da83286b1cce702) (ScriptedImporter) -> (artifact id: '5d59e0d443df1e5341d41e61aad05240') in 0.019928 seconds
Number of updated asset objects reloaded before import = 0Number of asset objects unloaded after import = 1

========================================================================
Received Import Request.
  Time since last request: 54.134181 seconds.
  path: Assets/sichu_in/sichu_in_all.fbx
  artifactKey: Guid(d07cc744296e76d40a797a8526c80b2b) Importer(815301076,1909f56bfc062723c751e8b465ee728b)
Start importing Assets/sichu_in/sichu_in_all.fbx using Guid(d07cc744296e76d40a797a8526c80b2b) Importer(815301076,1909f56bfc062723c751e8b465ee728b) (PreviewImporter) -> (artifact id: 'dca50a6e387383f9a9ca4603b7e209c0') in 0.9020387 seconds
Number of updated asset objects reloaded before import = 0Number of asset objects unloaded after import = 308

========================================================================
Received Import Request.
  Time since last request: 3.930500 seconds.
  path: Assets/sichu_in/sichu_in_all.fbx
  artifactKey: Guid(d07cc744296e76d40a797a8526c80b2b) Importer(815301076,1909f56bfc062723c751e8b465ee728b)
Start importing Assets/sichu_in/sichu_in_all.fbx using Guid(d07cc744296e76d40a797a8526c80b2b) Importer(815301076,1909f56bfc062723c751e8b465ee728b) (PreviewImporter) -> (artifact id: '90fcb26938d02b9a832f8ff36467671d') in 0.4748084 seconds
Number of updated asset objects reloaded before import = 0Number of asset objects unloaded after import = 308

========================================================================
Received Import Request.
  Time since last request: 4.547110 seconds.
  path: Assets/sichu_in/sichu_in_all.fbx
  artifactKey: Guid(d07cc744296e76d40a797a8526c80b2b) Importer(815301076,1909f56bfc062723c751e8b465ee728b)
Start importing Assets/sichu_in/sichu_in_all.fbx using Guid(d07cc744296e76d40a797a8526c80b2b) Importer(815301076,1909f56bfc062723c751e8b465ee728b) (PreviewImporter) -> (artifact id: 'e32dc48bef86b96ccbde76a74fa397f7') in 0.3842884 seconds
Number of updated asset objects reloaded before import = 0Number of asset objects unloaded after import = 308

========================================================================
Received Import Request.
  Time since last request: 6.256787 seconds.
  path: Assets/sichu_in/sichu_in_all.fbx
  artifactKey: Guid(d07cc744296e76d40a797a8526c80b2b) Importer(815301076,1909f56bfc062723c751e8b465ee728b)
Start importing Assets/sichu_in/sichu_in_all.fbx using Guid(d07cc744296e76d40a797a8526c80b2b) Importer(815301076,1909f56bfc062723c751e8b465ee728b) (PreviewImporter) -> (artifact id: '1073e751309125dd506912f2b0c81789') in 0.4143506 seconds
Number of updated asset objects reloaded before import = 0Number of asset objects unloaded after import = 308

========================================================================
Received Import Request.
  Time since last request: 6.864212 seconds.
  path: Assets/sichu_in/sichu_in_all.fbx
  artifactKey: Guid(d07cc744296e76d40a797a8526c80b2b) Importer(815301076,1909f56bfc062723c751e8b465ee728b)
Start importing Assets/sichu_in/sichu_in_all.fbx using Guid(d07cc744296e76d40a797a8526c80b2b) Importer(815301076,1909f56bfc062723c751e8b465ee728b) (PreviewImporter) -> (artifact id: 'cdd632d51f8eaa72d1168c844a4f0c3f') in 0.4116108 seconds
Number of updated asset objects reloaded before import = 0Number of asset objects unloaded after import = 308

========================================================================
Received Import Request.
  Time since last request: 5.122505 seconds.
  path: Assets/sichu_in/sichu_in_all.fbx
  artifactKey: Guid(d07cc744296e76d40a797a8526c80b2b) Importer(815301076,1909f56bfc062723c751e8b465ee728b)
Start importing Assets/sichu_in/sichu_in_all.fbx using Guid(d07cc744296e76d40a797a8526c80b2b) Importer(815301076,1909f56bfc062723c751e8b465ee728b) (PreviewImporter) -> (artifact id: 'df9e99f3f05c167f90430348d43affc5') in 0.4663711 seconds
Number of updated asset objects reloaded before import = 0Number of asset objects unloaded after import = 308

========================================================================
Received Import Request.
  Time since last request: 114.163600 seconds.
  path: Assets/sichu_in/drill_1.mat
  artifactKey: Guid(c7a25ac1cc1f0c6418681c855c16862a) Importer(815301076,1909f56bfc062723c751e8b465ee728b)
Start importing Assets/sichu_in/drill_1.mat using Guid(c7a25ac1cc1f0c6418681c855c16862a) Importer(815301076,1909f56bfc062723c751e8b465ee728b) (PreviewImporter) -> (artifact id: 'cdd3d32caa7d2970bc43119d2ae492df') in 0.0213371 seconds
Number of updated asset objects reloaded before import = 0Number of asset objects unloaded after import = 4

========================================================================
Received Import Request.
  Time since last request: 0.000027 seconds.
  path: Assets/sichu_in/sichu_in_all.fbx
  artifactKey: Guid(d07cc744296e76d40a797a8526c80b2b) Importer(815301076,1909f56bfc062723c751e8b465ee728b)
Start importing Assets/sichu_in/sichu_in_all.fbx using Guid(d07cc744296e76d40a797a8526c80b2b) Importer(815301076,1909f56bfc062723c751e8b465ee728b) (PreviewImporter) -> (artifact id: '086a10c493faaef5eae1f2c88ad66461') in 0.4707701 seconds
Number of updated asset objects reloaded before import = 0Number of asset objects unloaded after import = 317

========================================================================
Received Import Request.
  Time since last request: 1.064482 seconds.
  path: Assets/sichu_in/drill_1.mat
  artifactKey: Guid(c7a25ac1cc1f0c6418681c855c16862a) Importer(2089858483,192608db42251d675da83286b1cce702)
Start importing Assets/sichu_in/drill_1.mat using Guid(c7a25ac1cc1f0c6418681c855c16862a) Importer(2089858483,192608db42251d675da83286b1cce702) (ScriptedImporter) -> (artifact id: '69c465c8037c1da3a2730a3f4010b58e') in 0.0183943 seconds
Number of updated asset objects reloaded before import = 0Number of asset objects unloaded after import = 4

========================================================================
Received Import Request.
  Time since last request: 0.000029 seconds.
  path: Assets/sichu_in/drillcyln.mat
  artifactKey: Guid(2f4a6762c4aa90943bac1178790a725c) Importer(2089858483,192608db42251d675da83286b1cce702)
Start importing Assets/sichu_in/drillcyln.mat using Guid(2f4a6762c4aa90943bac1178790a725c) Importer(2089858483,192608db42251d675da83286b1cce702) (ScriptedImporter) -> (artifact id: '230630c42ee645f9b4cdee8f55358b1a') in 0.0195742 seconds
Number of updated asset objects reloaded before import = 0Number of asset objects unloaded after import = 4

========================================================================
Received Import Request.
  Time since last request: 63.000236 seconds.
  path: Assets/sichu_in/dodrill 1.mat
  artifactKey: Guid(2a12551b8959bea4fa4bf8f6eef1f46c) Importer(815301076,1909f56bfc062723c751e8b465ee728b)
Start importing Assets/sichu_in/dodrill 1.mat using Guid(2a12551b8959bea4fa4bf8f6eef1f46c) Importer(815301076,1909f56bfc062723c751e8b465ee728b) (PreviewImporter) -> (artifact id: 'db665f6e3a66ff2fd6d20dac2c29ac8e') in 0.0169422 seconds
Number of updated asset objects reloaded before import = 0Number of asset objects unloaded after import = 1

========================================================================
Received Import Request.
  Time since last request: 0.000027 seconds.
  path: Assets/sichu_in/sichu_in_all.fbx
  artifactKey: Guid(d07cc744296e76d40a797a8526c80b2b) Importer(815301076,1909f56bfc062723c751e8b465ee728b)
Start importing Assets/sichu_in/sichu_in_all.fbx using Guid(d07cc744296e76d40a797a8526c80b2b) Importer(815301076,1909f56bfc062723c751e8b465ee728b) (PreviewImporter) -> (artifact id: 'b84a93a430db4a537a988a3f552c18b2') in 0.5198048 seconds
Number of updated asset objects reloaded before import = 0Number of asset objects unloaded after import = 323

========================================================================
Received Import Request.
  Time since last request: 0.328438 seconds.
  path: Assets/sichu_in/decoco.mat
  artifactKey: Guid(b9f6cd1bcb2ae4645a729852750640f2) Importer(2089858483,192608db42251d675da83286b1cce702)
Start importing Assets/sichu_in/decoco.mat using Guid(b9f6cd1bcb2ae4645a729852750640f2) Importer(2089858483,192608db42251d675da83286b1cce702) (ScriptedImporter) -> (artifact id: 'bececf0206cb0a51e4dcc649dd56ee18') in 0.023608 seconds
Number of updated asset objects reloaded before import = 0Number of asset objects unloaded after import = 4

========================================================================
Received Import Request.
  Time since last request: 111.251026 seconds.
  path: Assets/sichu_in/ran.mat
  artifactKey: Guid(e9879599b961eb34ab2488d950103556) Importer(815301076,1909f56bfc062723c751e8b465ee728b)
Start importing Assets/sichu_in/ran.mat using Guid(e9879599b961eb34ab2488d950103556) Importer(815301076,1909f56bfc062723c751e8b465ee728b) (PreviewImporter) -> (artifact id: '2f2d40a039e673c64d2a5e048d978442') in 0.0219834 seconds
Number of updated asset objects reloaded before import = 0Number of asset objects unloaded after import = 4

========================================================================
Received Import Request.
  Time since last request: 0.000021 seconds.
  path: Assets/sichu_in/sichu_in_all.fbx
  artifactKey: Guid(d07cc744296e76d40a797a8526c80b2b) Importer(815301076,1909f56bfc062723c751e8b465ee728b)
Start importing Assets/sichu_in/sichu_in_all.fbx using Guid(d07cc744296e76d40a797a8526c80b2b) Importer(815301076,1909f56bfc062723c751e8b465ee728b) (PreviewImporter) -> (artifact id: 'f2b4147dac5b86b50d4ed90a3f3591f1') in 0.3873093 seconds
Number of updated asset objects reloaded before import = 0Number of asset objects unloaded after import = 329

========================================================================
Received Import Request.
  Time since last request: 0.228418 seconds.
  path: Assets/sichu_in/main.mat
  artifactKey: Guid(2a12551b8959bea4fa4bf8f6eef1f46c) Importer(2089858483,192608db42251d675da83286b1cce702)
Start importing Assets/sichu_in/main.mat using Guid(2a12551b8959bea4fa4bf8f6eef1f46c) Importer(2089858483,192608db42251d675da83286b1cce702) (ScriptedImporter) -> (artifact id: '7561e3dce43e7a3b8b0e05f52ec9b39e') in 0.0247682 seconds
Number of updated asset objects reloaded before import = 0Number of asset objects unloaded after import = 4

